[INFO]2023-06-01 11:38:39,347 - Starting FeitianWebApplication using Java 1.8.0_281 on M with PID 25692 (D:\feitian\feitian\feitian-web\target\classes started by M in D:\feitian\feitian)
[INFO]2023-06-01 11:38:39,348 - No active profile set, falling back to 1 default profile: "default"
[INFO]2023-06-01 11:38:39,383 - Devtools property defaults active! Set 'spring.devtools.add-properties' to 'false' to disable
[INFO]2023-06-01 11:38:39,383 - For additional web related logging consider setting the 'logging.level.web' property to 'DEBUG'
[INFO]2023-06-01 11:38:39,887 - Multiple Spring Data modules found, entering strict repository configuration mode
[INFO]2023-06-01 11:38:39,888 - Bootstrapping Spring Data Redis repositories in DEFAULT mode.
[INFO]2023-06-01 11:38:39,910 - Finished Spring Data repository scanning in 6 ms. Found 0 Redis repository interfaces.
[INFO]2023-06-01 11:38:40,377 - Tomcat initialized with port(s): 8080 (http)
[INFO]2023-06-01 11:38:40,378 - Loaded Apache Tomcat Native library [1.2.30] using APR version [1.7.0].
[INFO]2023-06-01 11:38:40,378 - APR capabilities: IPv6 [true], sendfile [true], accept filters [false], random [true], UDS [true].
[INFO]2023-06-01 11:38:40,378 - APR/OpenSSL configuration: useAprConnector [false], useOpenSSL [true]
[INFO]2023-06-01 11:38:40,389 - OpenSSL successfully initialized [OpenSSL 1.1.1k  25 Mar 2021]
[INFO]2023-06-01 11:38:40,395 - Initializing ProtocolHandler ["http-nio-8080"]
[INFO]2023-06-01 11:38:40,396 - Starting service [Tomcat]
[INFO]2023-06-01 11:38:40,396 - Starting Servlet engine: [Apache Tomcat/9.0.74]
[INFO]2023-06-01 11:38:40,530 - At least one JAR was scanned for TLDs yet contained no TLDs. Enable debug logging for this logger for a complete list of JARs that were scanned but no TLDs were found in them. Skipping unneeded JARs during scanning can improve startup time and JSP compilation time.
[INFO]2023-06-01 11:38:40,532 - Initializing Spring embedded WebApplicationContext
[INFO]2023-06-01 11:38:40,533 - Root WebApplicationContext: initialization completed in 1150 ms
[WARN]2023-06-01 11:38:41,434 - Cannot find template location: classpath:/templates/ (please add some templates, check your Thymeleaf configuration, or set spring.thymeleaf.check-template-location=false)
[INFO]2023-06-01 11:38:41,556 - LiveReload server is running on port 35729
[INFO]2023-06-01 11:38:41,570 - Starting ProtocolHandler ["http-nio-8080"]
[INFO]2023-06-01 11:38:41,586 - Tomcat started on port(s): 8080 (http) with context path ''
[INFO]2023-06-01 11:38:41,599 - Started FeitianWebApplication in 2.583 seconds (JVM running for 3.251)
[INFO]2023-06-01 11:38:44,023 - Initializing Spring DispatcherServlet 'dispatcherServlet'
[INFO]2023-06-01 11:38:44,023 - Initializing Servlet 'dispatcherServlet'
[INFO]2023-06-01 11:38:44,024 - Completed initialization in 1 ms
[INFO]2023-06-01 11:38:44,104 - HikariPool-1 - Starting...
[INFO]2023-06-01 11:38:44,502 - HikariPool-1 - Start completed.
[INFO]2023-06-01 11:40:27,087 - HikariPool-1 - Shutdown initiated...
[INFO]2023-06-01 11:40:27,095 - HikariPool-1 - Shutdown completed.
